The target system is: Android - 24 - aarch64
The host system is: Linux - 4.15.0-206-generic - x86_64
Compiling the C compiler identification source file "CMakeCCompilerId.c" succeeded.
Compiler: /root/android/android-ndk-r24/toolchains/llvm/prebuilt/linux-x86_64/bin/clang 
Build flags: 
Id flags: -c;--target=aarch64-none-linux-android24 

The output was:
0


Compilation of the C compiler identification source "CMakeCCompilerId.c" produced "CMakeCCompilerId.o"

The C compiler identification is Clang, found in "/root/RK_NPU_SDK_1.2.0/release/rknpu2/examples/rknn_resnet50v2/build/build_android_v8a/CMakeFiles/3.20.0/CompilerIdC/CMakeCCompilerId.o"

Compiling the CXX compiler identification source file "CMakeCXXCompilerId.cpp" succeeded.
Compiler: /root/android/android-ndk-r24/toolchains/llvm/prebuilt/linux-x86_64/bin/clang++ 
Build flags: 
Id flags: -c;--target=aarch64-none-linux-android24 

The output was:
0


Compilation of the CXX compiler identification source "CMakeCXXCompilerId.cpp" produced "CMakeCXXCompilerId.o"

The CXX compiler identification is Clang, found in "/root/RK_NPU_SDK_1.2.0/release/rknpu2/examples/rknn_resnet50v2/build/build_android_v8a/CMakeFiles/3.20.0/CompilerIdCXX/CMakeCXXCompilerId.o"

Detecting C compiler ABI info compiled with the following output:
Change Dir: /root/RK_NPU_SDK_1.2.0/release/rknpu2/examples/rknn_resnet50v2/build/build_android_v8a/CMakeFiles/CMakeTmp

Run Build Command(s):/usr/bin/make -f Makefile cmTC_5ea7a/fast && /usr/bin/make  -f CMakeFiles/cmTC_5ea7a.dir/build.make CMakeFiles/cmTC_5ea7a.dir/build
make[1]: Entering directory '/root/RK_NPU_SDK_1.2.0/release/rknpu2/examples/rknn_resnet50v2/build/build_android_v8a/CMakeFiles/CMakeTmp'
Building C object CMakeFiles/cmTC_5ea7a.dir/CMakeCCompilerABI.c.o
/root/android/android-ndk-r24/toolchains/llvm/prebuilt/linux-x86_64/bin/clang --target=aarch64-none-linux-android24   -DANDROID -fdata-sections -ffunction-sections -funwind-tables -fstack-protector-strong -no-canonical-prefixes -D_FORTIFY_SOURCE=2 -Wformat -fexceptions  -O2 -g -DNDEBUG   -v -MD -MT CMakeFiles/cmTC_5ea7a.dir/CMakeCCompilerABI.c.o -MF CMakeFiles/cmTC_5ea7a.dir/CMakeCCompilerABI.c.o.d -o CMakeFiles/cmTC_5ea7a.dir/CMakeCCompilerABI.c.o -c /usr/local/share/cmake-3.20/Modules/CMakeCCompilerABI.c
Android (8075178, based on r437112b) clang version 14.0.1 (https://android.googlesource.com/toolchain/llvm-project 8671348b81b95fc603505dfc881b45103bee1731)
Target: aarch64-none-linux-android24
Thread model: posix
InstalledDir: /root/android/android-ndk-r24/toolchains/llvm/prebuilt/linux-x86_64/bin
 (in-process)
 "/root/android/android-ndk-r24/toolchains/llvm/prebuilt/linux-x86_64/bin/clang" -cc1 -triple aarch64-none-linux-android24 -emit-obj --mrelax-relocations -mnoexecstack -disable-free -disable-llvm-verifier -discard-value-names -main-file-name CMakeCCompilerABI.c -mrelocation-model pic -pic-level 2 -pic-is-pie -mframe-pointer=non-leaf -fno-rounding-math -mconstructor-aliases -munwind-tables -target-cpu generic -target-feature +neon -target-abi aapcs -mllvm -aarch64-fix-cortex-a53-835769=1 -fallow-half-arguments-and-returns -debug-info-kind=constructor -dwarf-version=4 -debugger-tuning=gdb -v -ffunction-sections -fdata-sections -fcoverage-compilation-dir=/root/RK_NPU_SDK_1.2.0/release/rknpu2/examples/rknn_resnet50v2/build/build_android_v8a/CMakeFiles/CMakeTmp -resource-dir /root/android/android-ndk-r24/toolchains/llvm/prebuilt/linux-x86_64/lib64/clang/14.0.1 -dependency-file CMakeFiles/cmTC_5ea7a.dir/CMakeCCompilerABI.c.o.d -MT CMakeFiles/cmTC_5ea7a.dir/CMakeCCompilerABI.c.o -sys-header-deps -D ANDROID -D _FORTIFY_SOURCE=2 -D NDEBUG -internal-isystem /root/android/android-ndk-r24/toolchains/llvm/prebuilt/linux-x86_64/lib64/clang/14.0.1/include -internal-isystem /root/android/android-ndk-r24/toolchains/llvm/prebuilt/linux-x86_64/bin/../sysroot/usr/local/include -internal-externc-isystem /root/android/android-ndk-r24/toolchains/llvm/prebuilt/linux-x86_64/bin/../sysroot/usr/include/aarch64-linux-android -internal-externc-isystem /root/android/android-ndk-r24/toolchains/llvm/prebuilt/linux-x86_64/bin/../sysroot/include -internal-externc-isystem /root/android/android-ndk-r24/toolchains/llvm/prebuilt/linux-x86_64/bin/../sysroot/usr/include -O2 -Wformat -fdebug-compilation-dir=/root/RK_NPU_SDK_1.2.0/release/rknpu2/examples/rknn_resnet50v2/build/build_android_v8a/CMakeFiles/CMakeTmp -ferror-limit 19 -stack-protector 2 -fno-signed-char -fgnuc-version=4.2.1 -fexceptions -vectorize-loops -vectorize-slp -target-feature +outline-atomics -D__GCC_HAVE_DWARF2_CFI_ASM=1 -o CMakeFiles/cmTC_5ea7a.dir/CMakeCCompilerABI.c.o -x c /usr/local/share/cmake-3.20/Modules/CMakeCCompilerABI.c
clang -cc1 version 14.0.1 based upon LLVM 14.0.1git default target x86_64-unknown-linux-gnu
ignoring nonexistent directory "/root/android/android-ndk-r24/toolchains/llvm/prebuilt/linux-x86_64/bin/../sysroot/include"
#include "..." search starts here:
#include <...> search starts here:
 /root/android/android-ndk-r24/toolchains/llvm/prebuilt/linux-x86_64/lib64/clang/14.0.1/include
 /root/android/android-ndk-r24/toolchains/llvm/prebuilt/linux-x86_64/bin/../sysroot/usr/local/include
 /root/android/android-ndk-r24/toolchains/llvm/prebuilt/linux-x86_64/bin/../sysroot/usr/include/aarch64-linux-android
 /root/android/android-ndk-r24/toolchains/llvm/prebuilt/linux-x86_64/bin/../sysroot/usr/include
End of search list.
Linking C executable cmTC_5ea7a
/usr/local/bin/cmake -E cmake_link_script CMakeFiles/cmTC_5ea7a.dir/link.txt --verbose=1
/root/android/android-ndk-r24/toolchains/llvm/prebuilt/linux-x86_64/bin/clang --target=aarch64-none-linux-android24 -DANDROID -fdata-sections -ffunction-sections -funwind-tables -fstack-protector-strong -no-canonical-prefixes -D_FORTIFY_SOURCE=2 -Wformat -fexceptions  -O2 -g -DNDEBUG -Wl,--build-id=sha1 -Wl,--no-rosegment -Wl,--fatal-warnings -Qunused-arguments -Wl,--no-undefined  -Wl,--gc-sections -v CMakeFiles/cmTC_5ea7a.dir/CMakeCCompilerABI.c.o -o cmTC_5ea7a   -latomic -lm 
Android (8075178, based on r437112b) clang version 14.0.1 (https://android.googlesource.com/toolchain/llvm-project 8671348b81b95fc603505dfc881b45103bee1731)
Target: aarch64-none-linux-android24
Thread model: posix
InstalledDir: /root/android/android-ndk-r24/toolchains/llvm/prebuilt/linux-x86_64/bin
 "/root/android/android-ndk-r24/toolchains/llvm/prebuilt/linux-x86_64/bin/ld" -pie -z noexecstack -EL --fix-cortex-a53-843419 --warn-shared-textrel -z now -z relro -z max-page-size=4096 --hash-style=gnu --enable-new-dtags --eh-frame-hdr -m aarch64linux -dynamic-linker /system/bin/linker64 -o cmTC_5ea7a /root/android/android-ndk-r24/toolchains/llvm/prebuilt/linux-x86_64/bin/../sysroot/usr/lib/aarch64-linux-android/24/crtbegin_dynamic.o -L/root/android/android-ndk-r24/toolchains/llvm/prebuilt/linux-x86_64/lib64/clang/14.0.1/lib/linux/aarch64 -L/root/android/android-ndk-r24/toolchains/llvm/prebuilt/linux-x86_64/bin/../sysroot/usr/lib/aarch64-linux-android/24 -L/root/android/android-ndk-r24/toolchains/llvm/prebuilt/linux-x86_64/bin/../sysroot/usr/lib/aarch64-linux-android -L/root/android/android-ndk-r24/toolchains/llvm/prebuilt/linux-x86_64/bin/../sysroot/usr/lib --build-id=sha1 --no-rosegment --fatal-warnings --no-undefined --gc-sections CMakeFiles/cmTC_5ea7a.dir/CMakeCCompilerABI.c.o -latomic -lm /root/android/android-ndk-r24/toolchains/llvm/prebuilt/linux-x86_64/lib64/clang/14.0.1/lib/linux/libclang_rt.builtins-aarch64-android.a -l:libunwind.a -ldl -lc /root/android/android-ndk-r24/toolchains/llvm/prebuilt/linux-x86_64/lib64/clang/14.0.1/lib/linux/libclang_rt.builtins-aarch64-android.a -l:libunwind.a -ldl /root/android/android-ndk-r24/toolchains/llvm/prebuilt/linux-x86_64/bin/../sysroot/usr/lib/aarch64-linux-android/24/crtend_android.o
make[1]: Leaving directory '/root/RK_NPU_SDK_1.2.0/release/rknpu2/examples/rknn_resnet50v2/build/build_android_v8a/CMakeFiles/CMakeTmp'



Parsed C implicit include dir info from above output: rv=done
  found start of include info
  found start of implicit include info
    add: [/root/android/android-ndk-r24/toolchains/llvm/prebuilt/linux-x86_64/lib64/clang/14.0.1/include]
    add: [/root/android/android-ndk-r24/toolchains/llvm/prebuilt/linux-x86_64/bin/../sysroot/usr/local/include]
    add: [/root/android/android-ndk-r24/toolchains/llvm/prebuilt/linux-x86_64/bin/../sysroot/usr/include/aarch64-linux-android]
    add: [/root/android/android-ndk-r24/toolchains/llvm/prebuilt/linux-x86_64/bin/../sysroot/usr/include]
  end of search list found
  collapse include dir [/root/android/android-ndk-r24/toolchains/llvm/prebuilt/linux-x86_64/lib64/clang/14.0.1/include] ==> [/root/android/android-ndk-r24/toolchains/llvm/prebuilt/linux-x86_64/lib64/clang/14.0.1/include]
  collapse include dir [/root/android/android-ndk-r24/toolchains/llvm/prebuilt/linux-x86_64/bin/../sysroot/usr/local/include] ==> [/root/android/android-ndk-r24/toolchains/llvm/prebuilt/linux-x86_64/sysroot/usr/local/include]
  collapse include dir [/root/android/android-ndk-r24/toolchains/llvm/prebuilt/linux-x86_64/bin/../sysroot/usr/include/aarch64-linux-android] ==> [/root/android/android-ndk-r24/toolchains/llvm/prebuilt/linux-x86_64/sysroot/usr/include/aarch64-linux-android]
  collapse include dir [/root/android/android-ndk-r24/toolchains/llvm/prebuilt/linux-x86_64/bin/../sysroot/usr/include] ==> [/root/android/android-ndk-r24/toolchains/llvm/prebuilt/linux-x86_64/sysroot/usr/include]
  implicit include dirs: [/root/android/android-ndk-r24/toolchains/llvm/prebuilt/linux-x86_64/lib64/clang/14.0.1/include;/root/android/android-ndk-r24/toolchains/llvm/prebuilt/linux-x86_64/sysroot/usr/local/include;/root/android/android-ndk-r24/toolchains/llvm/prebuilt/linux-x86_64/sysroot/usr/include/aarch64-linux-android;/root/android/android-ndk-r24/toolchains/llvm/prebuilt/linux-x86_64/sysroot/usr/include]


Parsed C implicit link information from above output:
  link line regex: [^( *|.*[/\])(ld|CMAKE_LINK_STARTFILE-NOTFOUND|([^/\]+-)?ld|collect2)[^/\]*( |$)]
  ignore line: [Change Dir: /root/RK_NPU_SDK_1.2.0/release/rknpu2/examples/rknn_resnet50v2/build/build_android_v8a/CMakeFiles/CMakeTmp]
  ignore line: []
  ignore line: [Run Build Command(s):/usr/bin/make -f Makefile cmTC_5ea7a/fast && /usr/bin/make  -f CMakeFiles/cmTC_5ea7a.dir/build.make CMakeFiles/cmTC_5ea7a.dir/build]
  ignore line: [make[1]: Entering directory '/root/RK_NPU_SDK_1.2.0/release/rknpu2/examples/rknn_resnet50v2/build/build_android_v8a/CMakeFiles/CMakeTmp']
  ignore line: [Building C object CMakeFiles/cmTC_5ea7a.dir/CMakeCCompilerABI.c.o]
  ignore line: [/root/android/android-ndk-r24/toolchains/llvm/prebuilt/linux-x86_64/bin/clang --target=aarch64-none-linux-android24   -DANDROID -fdata-sections -ffunction-sections -funwind-tables -fstack-protector-strong -no-canonical-prefixes -D_FORTIFY_SOURCE=2 -Wformat -fexceptions  -O2 -g -DNDEBUG   -v -MD -MT CMakeFiles/cmTC_5ea7a.dir/CMakeCCompilerABI.c.o -MF CMakeFiles/cmTC_5ea7a.dir/CMakeCCompilerABI.c.o.d -o CMakeFiles/cmTC_5ea7a.dir/CMakeCCompilerABI.c.o -c /usr/local/share/cmake-3.20/Modules/CMakeCCompilerABI.c]
  ignore line: [Android (8075178  based on r437112b) clang version 14.0.1 (https://android.googlesource.com/toolchain/llvm-project 8671348b81b95fc603505dfc881b45103bee1731)]
  ignore line: [Target: aarch64-none-linux-android24]
  ignore line: [Thread model: posix]
  ignore line: [InstalledDir: /root/android/android-ndk-r24/toolchains/llvm/prebuilt/linux-x86_64/bin]
  ignore line: [ (in-process)]
  ignore line: [ "/root/android/android-ndk-r24/toolchains/llvm/prebuilt/linux-x86_64/bin/clang" -cc1 -triple aarch64-none-linux-android24 -emit-obj --mrelax-relocations -mnoexecstack -disable-free -disable-llvm-verifier -discard-value-names -main-file-name CMakeCCompilerABI.c -mrelocation-model pic -pic-level 2 -pic-is-pie -mframe-pointer=non-leaf -fno-rounding-math -mconstructor-aliases -munwind-tables -target-cpu generic -target-feature +neon -target-abi aapcs -mllvm -aarch64-fix-cortex-a53-835769=1 -fallow-half-arguments-and-returns -debug-info-kind=constructor -dwarf-version=4 -debugger-tuning=gdb -v -ffunction-sections -fdata-sections -fcoverage-compilation-dir=/root/RK_NPU_SDK_1.2.0/release/rknpu2/examples/rknn_resnet50v2/build/build_android_v8a/CMakeFiles/CMakeTmp -resource-dir /root/android/android-ndk-r24/toolchains/llvm/prebuilt/linux-x86_64/lib64/clang/14.0.1 -dependency-file CMakeFiles/cmTC_5ea7a.dir/CMakeCCompilerABI.c.o.d -MT CMakeFiles/cmTC_5ea7a.dir/CMakeCCompilerABI.c.o -sys-header-deps -D ANDROID -D _FORTIFY_SOURCE=2 -D NDEBUG -internal-isystem /root/android/android-ndk-r24/toolchains/llvm/prebuilt/linux-x86_64/lib64/clang/14.0.1/include -internal-isystem /root/android/android-ndk-r24/toolchains/llvm/prebuilt/linux-x86_64/bin/../sysroot/usr/local/include -internal-externc-isystem /root/android/android-ndk-r24/toolchains/llvm/prebuilt/linux-x86_64/bin/../sysroot/usr/include/aarch64-linux-android -internal-externc-isystem /root/android/android-ndk-r24/toolchains/llvm/prebuilt/linux-x86_64/bin/../sysroot/include -internal-externc-isystem /root/android/android-ndk-r24/toolchains/llvm/prebuilt/linux-x86_64/bin/../sysroot/usr/include -O2 -Wformat -fdebug-compilation-dir=/root/RK_NPU_SDK_1.2.0/release/rknpu2/examples/rknn_resnet50v2/build/build_android_v8a/CMakeFiles/CMakeTmp -ferror-limit 19 -stack-protector 2 -fno-signed-char -fgnuc-version=4.2.1 -fexceptions -vectorize-loops -vectorize-slp -target-feature +outline-atomics -D__GCC_HAVE_DWARF2_CFI_ASM=1 -o CMakeFiles/cmTC_5ea7a.dir/CMakeCCompilerABI.c.o -x c /usr/local/share/cmake-3.20/Modules/CMakeCCompilerABI.c]
  ignore line: [clang -cc1 version 14.0.1 based upon LLVM 14.0.1git default target x86_64-unknown-linux-gnu]
  ignore line: [ignoring nonexistent directory "/root/android/android-ndk-r24/toolchains/llvm/prebuilt/linux-x86_64/bin/../sysroot/include"]
  ignore line: [#include "..." search starts here:]
  ignore line: [#include <...> search starts here:]
  ignore line: [ /root/android/android-ndk-r24/toolchains/llvm/prebuilt/linux-x86_64/lib64/clang/14.0.1/include]
  ignore line: [ /root/android/android-ndk-r24/toolchains/llvm/prebuilt/linux-x86_64/bin/../sysroot/usr/local/include]
  ignore line: [ /root/android/android-ndk-r24/toolchains/llvm/prebuilt/linux-x86_64/bin/../sysroot/usr/include/aarch64-linux-android]
  ignore line: [ /root/android/android-ndk-r24/toolchains/llvm/prebuilt/linux-x86_64/bin/../sysroot/usr/include]
  ignore line: [End of search list.]
  ignore line: [Linking C executable cmTC_5ea7a]
  ignore line: [/usr/local/bin/cmake -E cmake_link_script CMakeFiles/cmTC_5ea7a.dir/link.txt --verbose=1]
  ignore line: [/root/android/android-ndk-r24/toolchains/llvm/prebuilt/linux-x86_64/bin/clang --target=aarch64-none-linux-android24 -DANDROID -fdata-sections -ffunction-sections -funwind-tables -fstack-protector-strong -no-canonical-prefixes -D_FORTIFY_SOURCE=2 -Wformat -fexceptions  -O2 -g -DNDEBUG -Wl --build-id=sha1 -Wl --no-rosegment -Wl --fatal-warnings -Qunused-arguments -Wl --no-undefined  -Wl --gc-sections -v CMakeFiles/cmTC_5ea7a.dir/CMakeCCompilerABI.c.o -o cmTC_5ea7a   -latomic -lm ]
  ignore line: [Android (8075178  based on r437112b) clang version 14.0.1 (https://android.googlesource.com/toolchain/llvm-project 8671348b81b95fc603505dfc881b45103bee1731)]
  ignore line: [Target: aarch64-none-linux-android24]
  ignore line: [Thread model: posix]
  ignore line: [InstalledDir: /root/android/android-ndk-r24/toolchains/llvm/prebuilt/linux-x86_64/bin]
  link line: [ "/root/android/android-ndk-r24/toolchains/llvm/prebuilt/linux-x86_64/bin/ld" -pie -z noexecstack -EL --fix-cortex-a53-843419 --warn-shared-textrel -z now -z relro -z max-page-size=4096 --hash-style=gnu --enable-new-dtags --eh-frame-hdr -m aarch64linux -dynamic-linker /system/bin/linker64 -o cmTC_5ea7a /root/android/android-ndk-r24/toolchains/llvm/prebuilt/linux-x86_64/bin/../sysroot/usr/lib/aarch64-linux-android/24/crtbegin_dynamic.o -L/root/android/android-ndk-r24/toolchains/llvm/prebuilt/linux-x86_64/lib64/clang/14.0.1/lib/linux/aarch64 -L/root/android/android-ndk-r24/toolchains/llvm/prebuilt/linux-x86_64/bin/../sysroot/usr/lib/aarch64-linux-android/24 -L/root/android/android-ndk-r24/toolchains/llvm/prebuilt/linux-x86_64/bin/../sysroot/usr/lib/aarch64-linux-android -L/root/android/android-ndk-r24/toolchains/llvm/prebuilt/linux-x86_64/bin/../sysroot/usr/lib --build-id=sha1 --no-rosegment --fatal-warnings --no-undefined --gc-sections CMakeFiles/cmTC_5ea7a.dir/CMakeCCompilerABI.c.o -latomic -lm /root/android/android-ndk-r24/toolchains/llvm/prebuilt/linux-x86_64/lib64/clang/14.0.1/lib/linux/libclang_rt.builtins-aarch64-android.a -l:libunwind.a -ldl -lc /root/android/android-ndk-r24/toolchains/llvm/prebuilt/linux-x86_64/lib64/clang/14.0.1/lib/linux/libclang_rt.builtins-aarch64-android.a -l:libunwind.a -ldl /root/android/android-ndk-r24/toolchains/llvm/prebuilt/linux-x86_64/bin/../sysroot/usr/lib/aarch64-linux-android/24/crtend_android.o]
    arg [/root/android/android-ndk-r24/toolchains/llvm/prebuilt/linux-x86_64/bin/ld] ==> ignore
    arg [-pie] ==> ignore
    arg [-znoexecstack] ==> ignore
    arg [-EL] ==> ignore
    arg [--fix-cortex-a53-843419] ==> ignore
    arg [--warn-shared-textrel] ==> ignore
    arg [-znow] ==> ignore
    arg [-zrelro] ==> ignore
    arg [-zmax-page-size=4096] ==> ignore
    arg [--hash-style=gnu] ==> ignore
    arg [--enable-new-dtags] ==> ignore
    arg [--eh-frame-hdr] ==> ignore
    arg [-m] ==> ignore
    arg [aarch64linux] ==> ignore
    arg [-dynamic-linker] ==> ignore
    arg [/system/bin/linker64] ==> ignore
    arg [-o] ==> ignore
    arg [cmTC_5ea7a] ==> ignore
    arg [/root/android/android-ndk-r24/toolchains/llvm/prebuilt/linux-x86_64/bin/../sysroot/usr/lib/aarch64-linux-android/24/crtbegin_dynamic.o] ==> ignore
    arg [-L/root/android/android-ndk-r24/toolchains/llvm/prebuilt/linux-x86_64/lib64/clang/14.0.1/lib/linux/aarch64] ==> dir [/root/android/android-ndk-r24/toolchains/llvm/prebuilt/linux-x86_64/lib64/clang/14.0.1/lib/linux/aarch64]
    arg [-L/root/android/android-ndk-r24/toolchains/llvm/prebuilt/linux-x86_64/bin/../sysroot/usr/lib/aarch64-linux-android/24] ==> dir [/root/android/android-ndk-r24/toolchains/llvm/prebuilt/linux-x86_64/bin/../sysroot/usr/lib/aarch64-linux-android/24]
    arg [-L/root/android/android-ndk-r24/toolchains/llvm/prebuilt/linux-x86_64/bin/../sysroot/usr/lib/aarch64-linux-android] ==> dir [/root/android/android-ndk-r24/toolchains/llvm/prebuilt/linux-x86_64/bin/../sysroot/usr/lib/aarch64-linux-android]
    arg [-L/root/android/android-ndk-r24/toolchains/llvm/prebuilt/linux-x86_64/bin/../sysroot/usr/lib] ==> dir [/root/android/android-ndk-r24/toolchains/llvm/prebuilt/linux-x86_64/bin/../sysroot/usr/lib]
    arg [--build-id=sha1] ==> ignore
    arg [--no-rosegment] ==> ignore
    arg [--fatal-warnings] ==> ignore
    arg [--no-undefined] ==> ignore
    arg [--gc-sections] ==> ignore
    arg [CMakeFiles/cmTC_5ea7a.dir/CMakeCCompilerABI.c.o] ==> ignore
    arg [-latomic] ==> lib [atomic]
    arg [-lm] ==> lib [m]
    arg [/root/android/android-ndk-r24/toolchains/llvm/prebuilt/linux-x86_64/lib64/clang/14.0.1/lib/linux/libclang_rt.builtins-aarch64-android.a] ==> lib [/root/android/android-ndk-r24/toolchains/llvm/prebuilt/linux-x86_64/lib64/clang/14.0.1/lib/linux/libclang_rt.builtins-aarch64-android.a]
    arg [-l:libunwind.a] ==> lib [-l:libunwind.a]
    arg [-ldl] ==> lib [dl]
    arg [-lc] ==> lib [c]
    arg [/root/android/android-ndk-r24/toolchains/llvm/prebuilt/linux-x86_64/lib64/clang/14.0.1/lib/linux/libclang_rt.builtins-aarch64-android.a] ==> lib [/root/android/android-ndk-r24/toolchains/llvm/prebuilt/linux-x86_64/lib64/clang/14.0.1/lib/linux/libclang_rt.builtins-aarch64-android.a]
    arg [-l:libunwind.a] ==> lib [-l:libunwind.a]
    arg [-ldl] ==> lib [dl]
    arg [/root/android/android-ndk-r24/toolchains/llvm/prebuilt/linux-x86_64/bin/../sysroot/usr/lib/aarch64-linux-android/24/crtend_android.o] ==> ignore
  remove lib [/root/android/android-ndk-r24/toolchains/llvm/prebuilt/linux-x86_64/lib64/clang/14.0.1/lib/linux/libclang_rt.builtins-aarch64-android.a]
  remove lib [/root/android/android-ndk-r24/toolchains/llvm/prebuilt/linux-x86_64/lib64/clang/14.0.1/lib/linux/libclang_rt.builtins-aarch64-android.a]
  collapse library dir [/root/android/android-ndk-r24/toolchains/llvm/prebuilt/linux-x86_64/lib64/clang/14.0.1/lib/linux/aarch64] ==> [/root/android/android-ndk-r24/toolchains/llvm/prebuilt/linux-x86_64/lib64/clang/14.0.1/lib/linux/aarch64]
  collapse library dir [/root/android/android-ndk-r24/toolchains/llvm/prebuilt/linux-x86_64/bin/../sysroot/usr/lib/aarch64-linux-android/24] ==> [/root/android/android-ndk-r24/toolchains/llvm/prebuilt/linux-x86_64/sysroot/usr/lib/aarch64-linux-android/24]
  collapse library dir [/root/android/android-ndk-r24/toolchains/llvm/prebuilt/linux-x86_64/bin/../sysroot/usr/lib/aarch64-linux-android] ==> [/root/android/android-ndk-r24/toolchains/llvm/prebuilt/linux-x86_64/sysroot/usr/lib/aarch64-linux-android]
  collapse library dir [/root/android/android-ndk-r24/toolchains/llvm/prebuilt/linux-x86_64/bin/../sysroot/usr/lib] ==> [/root/android/android-ndk-r24/toolchains/llvm/prebuilt/linux-x86_64/sysroot/usr/lib]
  implicit libs: [atomic;m;-l:libunwind.a;dl;c;-l:libunwind.a;dl]
  implicit dirs: [/root/android/android-ndk-r24/toolchains/llvm/prebuilt/linux-x86_64/lib64/clang/14.0.1/lib/linux/aarch64;/root/android/android-ndk-r24/toolchains/llvm/prebuilt/linux-x86_64/sysroot/usr/lib/aarch64-linux-android/24;/root/android/android-ndk-r24/toolchains/llvm/prebuilt/linux-x86_64/sysroot/usr/lib/aarch64-linux-android;/root/android/android-ndk-r24/toolchains/llvm/prebuilt/linux-x86_64/sysroot/usr/lib]
  implicit fwks: []


Detecting CXX compiler ABI info compiled with the following output:
Change Dir: /root/RK_NPU_SDK_1.2.0/release/rknpu2/examples/rknn_resnet50v2/build/build_android_v8a/CMakeFiles/CMakeTmp

Run Build Command(s):/usr/bin/make -f Makefile cmTC_51176/fast && /usr/bin/make  -f CMakeFiles/cmTC_51176.dir/build.make CMakeFiles/cmTC_51176.dir/build
make[1]: Entering directory '/root/RK_NPU_SDK_1.2.0/release/rknpu2/examples/rknn_resnet50v2/build/build_android_v8a/CMakeFiles/CMakeTmp'
Building CXX object CMakeFiles/cmTC_51176.dir/CMakeCXXCompilerABI.cpp.o
/root/android/android-ndk-r24/toolchains/llvm/prebuilt/linux-x86_64/bin/clang++ --target=aarch64-none-linux-android24   -DANDROID -fdata-sections -ffunction-sections -funwind-tables -fstack-protector-strong -no-canonical-prefixes -D_FORTIFY_SOURCE=2 -Wformat -fexceptions -frtti -stdlib=libc++  -O2 -g -DNDEBUG   -v -MD -MT CMakeFiles/cmTC_51176.dir/CMakeCXXCompilerABI.cpp.o -MF CMakeFiles/cmTC_51176.dir/CMakeCXXCompilerABI.cpp.o.d -o CMakeFiles/cmTC_51176.dir/CMakeCXXCompilerABI.cpp.o -c /usr/local/share/cmake-3.20/Modules/CMakeCXXCompilerABI.cpp
Android (8075178, based on r437112b) clang version 14.0.1 (https://android.googlesource.com/toolchain/llvm-project 8671348b81b95fc603505dfc881b45103bee1731)
Target: aarch64-none-linux-android24
Thread model: posix
InstalledDir: /root/android/android-ndk-r24/toolchains/llvm/prebuilt/linux-x86_64/bin
 (in-process)
 "/root/android/android-ndk-r24/toolchains/llvm/prebuilt/linux-x86_64/bin/clang++" -cc1 -triple aarch64-none-linux-android24 -emit-obj --mrelax-relocations -mnoexecstack -disable-free -disable-llvm-verifier -discard-value-names -main-file-name CMakeCXXCompilerABI.cpp -mrelocation-model pic -pic-level 2 -pic-is-pie -mframe-pointer=non-leaf -fno-rounding-math -mconstructor-aliases -munwind-tables -target-cpu generic -target-feature +neon -target-abi aapcs -mllvm -aarch64-fix-cortex-a53-835769=1 -fallow-half-arguments-and-returns -debug-info-kind=constructor -dwarf-version=4 -debugger-tuning=gdb -v -ffunction-sections -fdata-sections -fcoverage-compilation-dir=/root/RK_NPU_SDK_1.2.0/release/rknpu2/examples/rknn_resnet50v2/build/build_android_v8a/CMakeFiles/CMakeTmp -resource-dir /root/android/android-ndk-r24/toolchains/llvm/prebuilt/linux-x86_64/lib64/clang/14.0.1 -dependency-file CMakeFiles/cmTC_51176.dir/CMakeCXXCompilerABI.cpp.o.d -MT CMakeFiles/cmTC_51176.dir/CMakeCXXCompilerABI.cpp.o -sys-header-deps -D ANDROID -D _FORTIFY_SOURCE=2 -D NDEBUG -internal-isystem /root/android/android-ndk-r24/toolchains/llvm/prebuilt/linux-x86_64/bin/../sysroot/usr/include/c++/v1 -internal-isystem /root/android/android-ndk-r24/toolchains/llvm/prebuilt/linux-x86_64/lib64/clang/14.0.1/include -internal-isystem /root/android/android-ndk-r24/toolchains/llvm/prebuilt/linux-x86_64/bin/../sysroot/usr/local/include -internal-externc-isystem /root/android/android-ndk-r24/toolchains/llvm/prebuilt/linux-x86_64/bin/../sysroot/usr/include/aarch64-linux-android -internal-externc-isystem /root/android/android-ndk-r24/toolchains/llvm/prebuilt/linux-x86_64/bin/../sysroot/include -internal-externc-isystem /root/android/android-ndk-r24/toolchains/llvm/prebuilt/linux-x86_64/bin/../sysroot/usr/include -O2 -Wformat -fdeprecated-macro -fdebug-compilation-dir=/root/RK_NPU_SDK_1.2.0/release/rknpu2/examples/rknn_resnet50v2/build/build_android_v8a/CMakeFiles/CMakeTmp -ferror-limit 19 -stack-protector 2 -fno-signed-char -fgnuc-version=4.2.1 -fcxx-exceptions -fexceptions -vectorize-loops -vectorize-slp -target-feature +outline-atomics -D__GCC_HAVE_DWARF2_CFI_ASM=1 -o CMakeFiles/cmTC_51176.dir/CMakeCXXCompilerABI.cpp.o -x c++ /usr/local/share/cmake-3.20/Modules/CMakeCXXCompilerABI.cpp
clang -cc1 version 14.0.1 based upon LLVM 14.0.1git default target x86_64-unknown-linux-gnu
ignoring nonexistent directory "/root/android/android-ndk-r24/toolchains/llvm/prebuilt/linux-x86_64/bin/../sysroot/include"
#include "..." search starts here:
#include <...> search starts here:
 /root/android/android-ndk-r24/toolchains/llvm/prebuilt/linux-x86_64/bin/../sysroot/usr/include/c++/v1
 /root/android/android-ndk-r24/toolchains/llvm/prebuilt/linux-x86_64/lib64/clang/14.0.1/include
 /root/android/android-ndk-r24/toolchains/llvm/prebuilt/linux-x86_64/bin/../sysroot/usr/local/include
 /root/android/android-ndk-r24/toolchains/llvm/prebuilt/linux-x86_64/bin/../sysroot/usr/include/aarch64-linux-android
 /root/android/android-ndk-r24/toolchains/llvm/prebuilt/linux-x86_64/bin/../sysroot/usr/include
End of search list.
Linking CXX executable cmTC_51176
/usr/local/bin/cmake -E cmake_link_script CMakeFiles/cmTC_51176.dir/link.txt --verbose=1
/root/android/android-ndk-r24/toolchains/llvm/prebuilt/linux-x86_64/bin/clang++ --target=aarch64-none-linux-android24 -DANDROID -fdata-sections -ffunction-sections -funwind-tables -fstack-protector-strong -no-canonical-prefixes -D_FORTIFY_SOURCE=2 -Wformat -fexceptions -frtti -stdlib=libc++  -O2 -g -DNDEBUG -Wl,--build-id=sha1 -Wl,--no-rosegment -Wl,--fatal-warnings -Qunused-arguments -Wl,--no-undefined  -Wl,--gc-sections -v CMakeFiles/cmTC_51176.dir/CMakeCXXCompilerABI.cpp.o -o cmTC_51176   -static-libstdc++ -latomic -lm 
Android (8075178, based on r437112b) clang version 14.0.1 (https://android.googlesource.com/toolchain/llvm-project 8671348b81b95fc603505dfc881b45103bee1731)
Target: aarch64-none-linux-android24
Thread model: posix
InstalledDir: /root/android/android-ndk-r24/toolchains/llvm/prebuilt/linux-x86_64/bin
 "/root/android/android-ndk-r24/toolchains/llvm/prebuilt/linux-x86_64/bin/ld" -pie -z noexecstack -EL --fix-cortex-a53-843419 --warn-shared-textrel -z now -z relro -z max-page-size=4096 --hash-style=gnu --enable-new-dtags --eh-frame-hdr -m aarch64linux -dynamic-linker /system/bin/linker64 -o cmTC_51176 /root/android/android-ndk-r24/toolchains/llvm/prebuilt/linux-x86_64/bin/../sysroot/usr/lib/aarch64-linux-android/24/crtbegin_dynamic.o -L/root/android/android-ndk-r24/toolchains/llvm/prebuilt/linux-x86_64/lib64/clang/14.0.1/lib/linux/aarch64 -L/root/android/android-ndk-r24/toolchains/llvm/prebuilt/linux-x86_64/bin/../sysroot/usr/lib/aarch64-linux-android/24 -L/root/android/android-ndk-r24/toolchains/llvm/prebuilt/linux-x86_64/bin/../sysroot/usr/lib/aarch64-linux-android -L/root/android/android-ndk-r24/toolchains/llvm/prebuilt/linux-x86_64/bin/../sysroot/usr/lib --build-id=sha1 --no-rosegment --fatal-warnings --no-undefined --gc-sections CMakeFiles/cmTC_51176.dir/CMakeCXXCompilerABI.cpp.o -latomic -lm -Bstatic -lc++ -Bdynamic -lm /root/android/android-ndk-r24/toolchains/llvm/prebuilt/linux-x86_64/lib64/clang/14.0.1/lib/linux/libclang_rt.builtins-aarch64-android.a -l:libunwind.a -ldl -lc /root/android/android-ndk-r24/toolchains/llvm/prebuilt/linux-x86_64/lib64/clang/14.0.1/lib/linux/libclang_rt.builtins-aarch64-android.a -l:libunwind.a -ldl /root/android/android-ndk-r24/toolchains/llvm/prebuilt/linux-x86_64/bin/../sysroot/usr/lib/aarch64-linux-android/24/crtend_android.o
make[1]: Leaving directory '/root/RK_NPU_SDK_1.2.0/release/rknpu2/examples/rknn_resnet50v2/build/build_android_v8a/CMakeFiles/CMakeTmp'



Parsed CXX implicit include dir info from above output: rv=done
  found start of include info
  found start of implicit include info
    add: [/root/android/android-ndk-r24/toolchains/llvm/prebuilt/linux-x86_64/bin/../sysroot/usr/include/c++/v1]
    add: [/root/android/android-ndk-r24/toolchains/llvm/prebuilt/linux-x86_64/lib64/clang/14.0.1/include]
    add: [/root/android/android-ndk-r24/toolchains/llvm/prebuilt/linux-x86_64/bin/../sysroot/usr/local/include]
    add: [/root/android/android-ndk-r24/toolchains/llvm/prebuilt/linux-x86_64/bin/../sysroot/usr/include/aarch64-linux-android]
    add: [/root/android/android-ndk-r24/toolchains/llvm/prebuilt/linux-x86_64/bin/../sysroot/usr/include]
  end of search list found
  collapse include dir [/root/android/android-ndk-r24/toolchains/llvm/prebuilt/linux-x86_64/bin/../sysroot/usr/include/c++/v1] ==> [/root/android/android-ndk-r24/toolchains/llvm/prebuilt/linux-x86_64/sysroot/usr/include/c++/v1]
  collapse include dir [/root/android/android-ndk-r24/toolchains/llvm/prebuilt/linux-x86_64/lib64/clang/14.0.1/include] ==> [/root/android/android-ndk-r24/toolchains/llvm/prebuilt/linux-x86_64/lib64/clang/14.0.1/include]
  collapse include dir [/root/android/android-ndk-r24/toolchains/llvm/prebuilt/linux-x86_64/bin/../sysroot/usr/local/include] ==> [/root/android/android-ndk-r24/toolchains/llvm/prebuilt/linux-x86_64/sysroot/usr/local/include]
  collapse include dir [/root/android/android-ndk-r24/toolchains/llvm/prebuilt/linux-x86_64/bin/../sysroot/usr/include/aarch64-linux-android] ==> [/root/android/android-ndk-r24/toolchains/llvm/prebuilt/linux-x86_64/sysroot/usr/include/aarch64-linux-android]
  collapse include dir [/root/android/android-ndk-r24/toolchains/llvm/prebuilt/linux-x86_64/bin/../sysroot/usr/include] ==> [/root/android/android-ndk-r24/toolchains/llvm/prebuilt/linux-x86_64/sysroot/usr/include]
  implicit include dirs: [/root/android/android-ndk-r24/toolchains/llvm/prebuilt/linux-x86_64/sysroot/usr/include/c++/v1;/root/android/android-ndk-r24/toolchains/llvm/prebuilt/linux-x86_64/lib64/clang/14.0.1/include;/root/android/android-ndk-r24/toolchains/llvm/prebuilt/linux-x86_64/sysroot/usr/local/include;/root/android/android-ndk-r24/toolchains/llvm/prebuilt/linux-x86_64/sysroot/usr/include/aarch64-linux-android;/root/android/android-ndk-r24/toolchains/llvm/prebuilt/linux-x86_64/sysroot/usr/include]


Parsed CXX implicit link information from above output:
  link line regex: [^( *|.*[/\])(ld|CMAKE_LINK_STARTFILE-NOTFOUND|([^/\]+-)?ld|collect2)[^/\]*( |$)]
  ignore line: [Change Dir: /root/RK_NPU_SDK_1.2.0/release/rknpu2/examples/rknn_resnet50v2/build/build_android_v8a/CMakeFiles/CMakeTmp]
  ignore line: []
  ignore line: [Run Build Command(s):/usr/bin/make -f Makefile cmTC_51176/fast && /usr/bin/make  -f CMakeFiles/cmTC_51176.dir/build.make CMakeFiles/cmTC_51176.dir/build]
  ignore line: [make[1]: Entering directory '/root/RK_NPU_SDK_1.2.0/release/rknpu2/examples/rknn_resnet50v2/build/build_android_v8a/CMakeFiles/CMakeTmp']
  ignore line: [Building CXX object CMakeFiles/cmTC_51176.dir/CMakeCXXCompilerABI.cpp.o]
  ignore line: [/root/android/android-ndk-r24/toolchains/llvm/prebuilt/linux-x86_64/bin/clang++ --target=aarch64-none-linux-android24   -DANDROID -fdata-sections -ffunction-sections -funwind-tables -fstack-protector-strong -no-canonical-prefixes -D_FORTIFY_SOURCE=2 -Wformat -fexceptions -frtti -stdlib=libc++  -O2 -g -DNDEBUG   -v -MD -MT CMakeFiles/cmTC_51176.dir/CMakeCXXCompilerABI.cpp.o -MF CMakeFiles/cmTC_51176.dir/CMakeCXXCompilerABI.cpp.o.d -o CMakeFiles/cmTC_51176.dir/CMakeCXXCompilerABI.cpp.o -c /usr/local/share/cmake-3.20/Modules/CMakeCXXCompilerABI.cpp]
  ignore line: [Android (8075178  based on r437112b) clang version 14.0.1 (https://android.googlesource.com/toolchain/llvm-project 8671348b81b95fc603505dfc881b45103bee1731)]
  ignore line: [Target: aarch64-none-linux-android24]
  ignore line: [Thread model: posix]
  ignore line: [InstalledDir: /root/android/android-ndk-r24/toolchains/llvm/prebuilt/linux-x86_64/bin]
  ignore line: [ (in-process)]
  ignore line: [ "/root/android/android-ndk-r24/toolchains/llvm/prebuilt/linux-x86_64/bin/clang++" -cc1 -triple aarch64-none-linux-android24 -emit-obj --mrelax-relocations -mnoexecstack -disable-free -disable-llvm-verifier -discard-value-names -main-file-name CMakeCXXCompilerABI.cpp -mrelocation-model pic -pic-level 2 -pic-is-pie -mframe-pointer=non-leaf -fno-rounding-math -mconstructor-aliases -munwind-tables -target-cpu generic -target-feature +neon -target-abi aapcs -mllvm -aarch64-fix-cortex-a53-835769=1 -fallow-half-arguments-and-returns -debug-info-kind=constructor -dwarf-version=4 -debugger-tuning=gdb -v -ffunction-sections -fdata-sections -fcoverage-compilation-dir=/root/RK_NPU_SDK_1.2.0/release/rknpu2/examples/rknn_resnet50v2/build/build_android_v8a/CMakeFiles/CMakeTmp -resource-dir /root/android/android-ndk-r24/toolchains/llvm/prebuilt/linux-x86_64/lib64/clang/14.0.1 -dependency-file CMakeFiles/cmTC_51176.dir/CMakeCXXCompilerABI.cpp.o.d -MT CMakeFiles/cmTC_51176.dir/CMakeCXXCompilerABI.cpp.o -sys-header-deps -D ANDROID -D _FORTIFY_SOURCE=2 -D NDEBUG -internal-isystem /root/android/android-ndk-r24/toolchains/llvm/prebuilt/linux-x86_64/bin/../sysroot/usr/include/c++/v1 -internal-isystem /root/android/android-ndk-r24/toolchains/llvm/prebuilt/linux-x86_64/lib64/clang/14.0.1/include -internal-isystem /root/android/android-ndk-r24/toolchains/llvm/prebuilt/linux-x86_64/bin/../sysroot/usr/local/include -internal-externc-isystem /root/android/android-ndk-r24/toolchains/llvm/prebuilt/linux-x86_64/bin/../sysroot/usr/include/aarch64-linux-android -internal-externc-isystem /root/android/android-ndk-r24/toolchains/llvm/prebuilt/linux-x86_64/bin/../sysroot/include -internal-externc-isystem /root/android/android-ndk-r24/toolchains/llvm/prebuilt/linux-x86_64/bin/../sysroot/usr/include -O2 -Wformat -fdeprecated-macro -fdebug-compilation-dir=/root/RK_NPU_SDK_1.2.0/release/rknpu2/examples/rknn_resnet50v2/build/build_android_v8a/CMakeFiles/CMakeTmp -ferror-limit 19 -stack-protector 2 -fno-signed-char -fgnuc-version=4.2.1 -fcxx-exceptions -fexceptions -vectorize-loops -vectorize-slp -target-feature +outline-atomics -D__GCC_HAVE_DWARF2_CFI_ASM=1 -o CMakeFiles/cmTC_51176.dir/CMakeCXXCompilerABI.cpp.o -x c++ /usr/local/share/cmake-3.20/Modules/CMakeCXXCompilerABI.cpp]
  ignore line: [clang -cc1 version 14.0.1 based upon LLVM 14.0.1git default target x86_64-unknown-linux-gnu]
  ignore line: [ignoring nonexistent directory "/root/android/android-ndk-r24/toolchains/llvm/prebuilt/linux-x86_64/bin/../sysroot/include"]
  ignore line: [#include "..." search starts here:]
  ignore line: [#include <...> search starts here:]
  ignore line: [ /root/android/android-ndk-r24/toolchains/llvm/prebuilt/linux-x86_64/bin/../sysroot/usr/include/c++/v1]
  ignore line: [ /root/android/android-ndk-r24/toolchains/llvm/prebuilt/linux-x86_64/lib64/clang/14.0.1/include]
  ignore line: [ /root/android/android-ndk-r24/toolchains/llvm/prebuilt/linux-x86_64/bin/../sysroot/usr/local/include]
  ignore line: [ /root/android/android-ndk-r24/toolchains/llvm/prebuilt/linux-x86_64/bin/../sysroot/usr/include/aarch64-linux-android]
  ignore line: [ /root/android/android-ndk-r24/toolchains/llvm/prebuilt/linux-x86_64/bin/../sysroot/usr/include]
  ignore line: [End of search list.]
  ignore line: [Linking CXX executable cmTC_51176]
  ignore line: [/usr/local/bin/cmake -E cmake_link_script CMakeFiles/cmTC_51176.dir/link.txt --verbose=1]
  ignore line: [/root/android/android-ndk-r24/toolchains/llvm/prebuilt/linux-x86_64/bin/clang++ --target=aarch64-none-linux-android24 -DANDROID -fdata-sections -ffunction-sections -funwind-tables -fstack-protector-strong -no-canonical-prefixes -D_FORTIFY_SOURCE=2 -Wformat -fexceptions -frtti -stdlib=libc++  -O2 -g -DNDEBUG -Wl --build-id=sha1 -Wl --no-rosegment -Wl --fatal-warnings -Qunused-arguments -Wl --no-undefined  -Wl --gc-sections -v CMakeFiles/cmTC_51176.dir/CMakeCXXCompilerABI.cpp.o -o cmTC_51176   -static-libstdc++ -latomic -lm ]
  ignore line: [Android (8075178  based on r437112b) clang version 14.0.1 (https://android.googlesource.com/toolchain/llvm-project 8671348b81b95fc603505dfc881b45103bee1731)]
  ignore line: [Target: aarch64-none-linux-android24]
  ignore line: [Thread model: posix]
  ignore line: [InstalledDir: /root/android/android-ndk-r24/toolchains/llvm/prebuilt/linux-x86_64/bin]
  link line: [ "/root/android/android-ndk-r24/toolchains/llvm/prebuilt/linux-x86_64/bin/ld" -pie -z noexecstack -EL --fix-cortex-a53-843419 --warn-shared-textrel -z now -z relro -z max-page-size=4096 --hash-style=gnu --enable-new-dtags --eh-frame-hdr -m aarch64linux -dynamic-linker /system/bin/linker64 -o cmTC_51176 /root/android/android-ndk-r24/toolchains/llvm/prebuilt/linux-x86_64/bin/../sysroot/usr/lib/aarch64-linux-android/24/crtbegin_dynamic.o -L/root/android/android-ndk-r24/toolchains/llvm/prebuilt/linux-x86_64/lib64/clang/14.0.1/lib/linux/aarch64 -L/root/android/android-ndk-r24/toolchains/llvm/prebuilt/linux-x86_64/bin/../sysroot/usr/lib/aarch64-linux-android/24 -L/root/android/android-ndk-r24/toolchains/llvm/prebuilt/linux-x86_64/bin/../sysroot/usr/lib/aarch64-linux-android -L/root/android/android-ndk-r24/toolchains/llvm/prebuilt/linux-x86_64/bin/../sysroot/usr/lib --build-id=sha1 --no-rosegment --fatal-warnings --no-undefined --gc-sections CMakeFiles/cmTC_51176.dir/CMakeCXXCompilerABI.cpp.o -latomic -lm -Bstatic -lc++ -Bdynamic -lm /root/android/android-ndk-r24/toolchains/llvm/prebuilt/linux-x86_64/lib64/clang/14.0.1/lib/linux/libclang_rt.builtins-aarch64-android.a -l:libunwind.a -ldl -lc /root/android/android-ndk-r24/toolchains/llvm/prebuilt/linux-x86_64/lib64/clang/14.0.1/lib/linux/libclang_rt.builtins-aarch64-android.a -l:libunwind.a -ldl /root/android/android-ndk-r24/toolchains/llvm/prebuilt/linux-x86_64/bin/../sysroot/usr/lib/aarch64-linux-android/24/crtend_android.o]
    arg [/root/android/android-ndk-r24/toolchains/llvm/prebuilt/linux-x86_64/bin/ld] ==> ignore
    arg [-pie] ==> ignore
    arg [-znoexecstack] ==> ignore
    arg [-EL] ==> ignore
    arg [--fix-cortex-a53-843419] ==> ignore
    arg [--warn-shared-textrel] ==> ignore
    arg [-znow] ==> ignore
    arg [-zrelro] ==> ignore
    arg [-zmax-page-size=4096] ==> ignore
    arg [--hash-style=gnu] ==> ignore
    arg [--enable-new-dtags] ==> ignore
    arg [--eh-frame-hdr] ==> ignore
    arg [-m] ==> ignore
    arg [aarch64linux] ==> ignore
    arg [-dynamic-linker] ==> ignore
    arg [/system/bin/linker64] ==> ignore
    arg [-o] ==> ignore
    arg [cmTC_51176] ==> ignore
    arg [/root/android/android-ndk-r24/toolchains/llvm/prebuilt/linux-x86_64/bin/../sysroot/usr/lib/aarch64-linux-android/24/crtbegin_dynamic.o] ==> ignore
    arg [-L/root/android/android-ndk-r24/toolchains/llvm/prebuilt/linux-x86_64/lib64/clang/14.0.1/lib/linux/aarch64] ==> dir [/root/android/android-ndk-r24/toolchains/llvm/prebuilt/linux-x86_64/lib64/clang/14.0.1/lib/linux/aarch64]
    arg [-L/root/android/android-ndk-r24/toolchains/llvm/prebuilt/linux-x86_64/bin/../sysroot/usr/lib/aarch64-linux-android/24] ==> dir [/root/android/android-ndk-r24/toolchains/llvm/prebuilt/linux-x86_64/bin/../sysroot/usr/lib/aarch64-linux-android/24]
    arg [-L/root/android/android-ndk-r24/toolchains/llvm/prebuilt/linux-x86_64/bin/../sysroot/usr/lib/aarch64-linux-android] ==> dir [/root/android/android-ndk-r24/toolchains/llvm/prebuilt/linux-x86_64/bin/../sysroot/usr/lib/aarch64-linux-android]
    arg [-L/root/android/android-ndk-r24/toolchains/llvm/prebuilt/linux-x86_64/bin/../sysroot/usr/lib] ==> dir [/root/android/android-ndk-r24/toolchains/llvm/prebuilt/linux-x86_64/bin/../sysroot/usr/lib]
    arg [--build-id=sha1] ==> ignore
    arg [--no-rosegment] ==> ignore
    arg [--fatal-warnings] ==> ignore
    arg [--no-undefined] ==> ignore
    arg [--gc-sections] ==> ignore
    arg [CMakeFiles/cmTC_51176.dir/CMakeCXXCompilerABI.cpp.o] ==> ignore
    arg [-latomic] ==> lib [atomic]
    arg [-lm] ==> lib [m]
    arg [-Bstatic] ==> ignore
    arg [-lc++] ==> lib [c++]
    arg [-Bdynamic] ==> ignore
    arg [-lm] ==> lib [m]
    arg [/root/android/android-ndk-r24/toolchains/llvm/prebuilt/linux-x86_64/lib64/clang/14.0.1/lib/linux/libclang_rt.builtins-aarch64-android.a] ==> lib [/root/android/android-ndk-r24/toolchains/llvm/prebuilt/linux-x86_64/lib64/clang/14.0.1/lib/linux/libclang_rt.builtins-aarch64-android.a]
    arg [-l:libunwind.a] ==> lib [-l:libunwind.a]
    arg [-ldl] ==> lib [dl]
    arg [-lc] ==> lib [c]
    arg [/root/android/android-ndk-r24/toolchains/llvm/prebuilt/linux-x86_64/lib64/clang/14.0.1/lib/linux/libclang_rt.builtins-aarch64-android.a] ==> lib [/root/android/android-ndk-r24/toolchains/llvm/prebuilt/linux-x86_64/lib64/clang/14.0.1/lib/linux/libclang_rt.builtins-aarch64-android.a]
    arg [-l:libunwind.a] ==> lib [-l:libunwind.a]
    arg [-ldl] ==> lib [dl]
    arg [/root/android/android-ndk-r24/toolchains/llvm/prebuilt/linux-x86_64/bin/../sysroot/usr/lib/aarch64-linux-android/24/crtend_android.o] ==> ignore
  remove lib [/root/android/android-ndk-r24/toolchains/llvm/prebuilt/linux-x86_64/lib64/clang/14.0.1/lib/linux/libclang_rt.builtins-aarch64-android.a]
  remove lib [/root/android/android-ndk-r24/toolchains/llvm/prebuilt/linux-x86_64/lib64/clang/14.0.1/lib/linux/libclang_rt.builtins-aarch64-android.a]
  collapse library dir [/root/android/android-ndk-r24/toolchains/llvm/prebuilt/linux-x86_64/lib64/clang/14.0.1/lib/linux/aarch64] ==> [/root/android/android-ndk-r24/toolchains/llvm/prebuilt/linux-x86_64/lib64/clang/14.0.1/lib/linux/aarch64]
  collapse library dir [/root/android/android-ndk-r24/toolchains/llvm/prebuilt/linux-x86_64/bin/../sysroot/usr/lib/aarch64-linux-android/24] ==> [/root/android/android-ndk-r24/toolchains/llvm/prebuilt/linux-x86_64/sysroot/usr/lib/aarch64-linux-android/24]
  collapse library dir [/root/android/android-ndk-r24/toolchains/llvm/prebuilt/linux-x86_64/bin/../sysroot/usr/lib/aarch64-linux-android] ==> [/root/android/android-ndk-r24/toolchains/llvm/prebuilt/linux-x86_64/sysroot/usr/lib/aarch64-linux-android]
  collapse library dir [/root/android/android-ndk-r24/toolchains/llvm/prebuilt/linux-x86_64/bin/../sysroot/usr/lib] ==> [/root/android/android-ndk-r24/toolchains/llvm/prebuilt/linux-x86_64/sysroot/usr/lib]
  implicit libs: [atomic;m;c++;m;-l:libunwind.a;dl;c;-l:libunwind.a;dl]
  implicit dirs: [/root/android/android-ndk-r24/toolchains/llvm/prebuilt/linux-x86_64/lib64/clang/14.0.1/lib/linux/aarch64;/root/android/android-ndk-r24/toolchains/llvm/prebuilt/linux-x86_64/sysroot/usr/lib/aarch64-linux-android/24;/root/android/android-ndk-r24/toolchains/llvm/prebuilt/linux-x86_64/sysroot/usr/lib/aarch64-linux-android;/root/android/android-ndk-r24/toolchains/llvm/prebuilt/linux-x86_64/sysroot/usr/lib]
  implicit fwks: []


